
Magic 8.3 revision 660 - Compiled on Tue Jun  9 07:21:39 IST 2026.
Starting magic under Tcl interpreter
Using the terminal as the console.
WARNING: RLIMIT_NOFILE is above 1024 and Tcl_Version<9 this may cause runtime issues [rlim_cur=1048576]
Using NULL graphics device.
Processing system .magicrc file
Switching to WIRING tool.
Switching to NETLIST tool.
Switching to PICK tool.
Switching to BOX tool.
Sourcing design .magicrc for technology ihp-sg13g2 ...
2 Magic internal units = 1 Lambda
Input style sg13g2(): scaleFactor=2, multiplier=2
The following types are not handled by extraction and will be treated as non-electrical types:
    pblock sealcont difffill nemitter hvnemitter hvisodiffres sealvia1 sealvia2 sealvia3 sealvia4 sealvia5 sealvia6 pillar solder seal glass thruvia inductor 
Scaled tech values by 2 / 1 to match internal grid scaling
Loading ihp-sg13g2 Device Generator Menu ...
Loading "/home/navinm/agent/cal_pll/out/DualCtrlVCO_ihp_v2/_run.tcl" from command line.
Warning: Calma reading is not undoable!  I hope that's OK.
Library written using GDS-II Release 6.0
Library name: library
Reading "DualCtrlVCO_ihp_v2".
Moving label "VCOARSE" from metal3 to via2 in cell DualCtrlVCO_ihp_v2.
Moving label "VFINE" from metal3 to via2 in cell DualCtrlVCO_ihp_v2.
Moving label "VCO_CLK" from metal2 to via1 in cell DualCtrlVCO_ihp_v2.
Extracting DualCtrlVCO_ihp_v2 into DualCtrlVCO_ihp_v2.ext:
Processing DualCtrlVCO_ihp_v2
exttospice finished.


Netgen 1.5.291 compiled on Fri Feb 28 19:46:34 IST 2025
Warning: netgen command 'format' use fully-qualified name '::netgen::format'
Warning: netgen command 'global' use fully-qualified name '::netgen::global'
Reading netlist file /home/navinm/agent/cal_pll/out/DualCtrlVCO_ihp_v2/DualCtrlVCO_ihp_v2.ext.spice
Call to undefined subcircuit sg13_lv_pmos
Creating placeholder cell definition.
Call to undefined subcircuit sg13_lv_nmos
Creating placeholder cell definition.
Reading netlist file /home/navinm/agent/cal_pll/out/DualCtrlVCO_ihp_v2/DualCtrlVCO_ihp_v2.ref.spice
Call to undefined subcircuit sg13_lv_pmos
Creating placeholder cell definition.
Call to undefined subcircuit sg13_lv_nmos
Creating placeholder cell definition.

Reading setup file /home/navinm/analog_ai/open_pdks/ihp-sg13g2/ihp-sg13g2/libs.tech/netgen/ihp-sg13g2_setup.tcl

Model sg13_lv_nmos pin 1 == 3
No property ng found for device sg13_lv_nmos
No property trise found for device sg13_lv_nmos
No property z1 found for device sg13_lv_nmos
No property z2 found for device sg13_lv_nmos
No property wmin found for device sg13_lv_nmos
No property rfmode found for device sg13_lv_nmos
No property pre_layout found for device sg13_lv_nmos
Model sg13_lv_nmos pin 1 == 3
No property ng found for device sg13_lv_nmos
No property as found for device sg13_lv_nmos
No property ad found for device sg13_lv_nmos
No property pd found for device sg13_lv_nmos
No property ps found for device sg13_lv_nmos
No property trise found for device sg13_lv_nmos
No property z1 found for device sg13_lv_nmos
No property z2 found for device sg13_lv_nmos
No property wmin found for device sg13_lv_nmos
No property rfmode found for device sg13_lv_nmos
No property pre_layout found for device sg13_lv_nmos
Model sg13_lv_pmos pin 1 == 3
No property ng found for device sg13_lv_pmos
No property trise found for device sg13_lv_pmos
No property z1 found for device sg13_lv_pmos
No property z2 found for device sg13_lv_pmos
No property wmin found for device sg13_lv_pmos
No property rfmode found for device sg13_lv_pmos
No property pre_layout found for device sg13_lv_pmos
Model sg13_lv_pmos pin 1 == 3
No property ng found for device sg13_lv_pmos
No property as found for device sg13_lv_pmos
No property ad found for device sg13_lv_pmos
No property pd found for device sg13_lv_pmos
No property ps found for device sg13_lv_pmos
No property trise found for device sg13_lv_pmos
No property z1 found for device sg13_lv_pmos
No property z2 found for device sg13_lv_pmos
No property wmin found for device sg13_lv_pmos
No property rfmode found for device sg13_lv_pmos
No property pre_layout found for device sg13_lv_pmos
Comparison output logged to file /home/navinm/agent/cal_pll/out/DualCtrlVCO_ihp_v2/lvs.out
Logging to file "/home/navinm/agent/cal_pll/out/DualCtrlVCO_ihp_v2/lvs.out" enabled
Circuit sg13_lv_pmos contains no devices.
Circuit sg13_lv_nmos contains no devices.

Contents of circuit 1:  Circuit: 'DualCtrlVCO_ihp_v2'
Circuit DualCtrlVCO_ihp_v2 contains 27 device instances.
  Class: sg13_lv_pmos          instances:   6
  Class: sg13_lv_nmos          instances:  21
Circuit contains 15 nets.
Contents of circuit 2:  Circuit: 'DualCtrlVCO_ihp_v2'
Circuit DualCtrlVCO_ihp_v2 contains 27 device instances.
  Class: sg13_lv_pmos          instances:   6
  Class: sg13_lv_nmos          instances:  21
Circuit contains 15 nets.

Circuit 1 contains 27 devices, Circuit 2 contains 27 devices.
Circuit 1 contains 15 nets,    Circuit 2 contains 15 nets.


Final result: 
Circuits match uniquely.
.
Logging to file "/home/navinm/agent/cal_pll/out/DualCtrlVCO_ihp_v2/lvs.out" disabled
LVS Done.

